<?xml version="1.0" encoding="UTF-8"?>
<!-- Generated by org.testng.reporters.JUnitReportReporter -->
<testsuite hostname="DESKTOP-NFFORA6" failures="0" tests="1" name="testCases.tc_001_NoCommeceLoginTest" time="4.171" errors="0" timestamp="2024-05-31T12:37:46 IST" skipped="0">
  <testcase classname="testCases.tc_001_NoCommeceLoginTest" name="verify_login" time="4.171"/>
</testsuite> <!-- testCases.tc_001_NoCommeceLoginTest -->
